<?xml version="1.0" encoding="UTF-8"?>
<testsuite name="com.blibli.Jbehave.AcceptanceTestSuite" time="88.017" tests="11" errors="0" skipped="0" failures="0">
  <properties>
    <property name="idea.version" value="2016.3.2"/>
    <property name="java.runtime.name" value="Java(TM) SE Runtime Environment"/>
    <property name="sun.boot.library.path" value="C:\Program Files\Java\jdk1.8.0_92\jre\bin"/>
    <property name="java.vm.version" value="25.92-b14"/>
    <property name="java.vm.vendor" value="Oracle Corporation"/>
    <property name="maven.multiModuleProjectDirectory" value="C:\Users\Yunaz Gilang\IdeaProjects\cobacobaJbehave"/>
    <property name="java.vendor.url" value="http://java.oracle.com/"/>
    <property name="path.separator" value=";"/>
    <property name="guice.disable.misplaced.annotation.check" value="true"/>
    <property name="java.vm.name" value="Java HotSpot(TM) 64-Bit Server VM"/>
    <property name="file.encoding.pkg" value="sun.io"/>
    <property name="idea.launcher.port" value="7533"/>
    <property name="user.script" value=""/>
    <property name="user.country" value="US"/>
    <property name="sun.java.launcher" value="SUN_STANDARD"/>
    <property name="sun.os.patch.level" value=""/>
    <property name="java.vm.specification.name" value="Java Virtual Machine Specification"/>
    <property name="user.dir" value="C:\Users\Yunaz Gilang\IdeaProjects\cobacobaJbehave"/>
    <property name="java.runtime.version" value="1.8.0_92-b14"/>
    <property name="java.awt.graphicsenv" value="sun.awt.Win32GraphicsEnvironment"/>
    <property name="java.endorsed.dirs" value="C:\Program Files\Java\jdk1.8.0_92\jre\lib\endorsed"/>
    <property name="os.arch" value="amd64"/>
    <property name="java.io.tmpdir" value="C:\Users\YUNAZG~1\AppData\Local\Temp\"/>
    <property name="line.separator" value="&#10;"/>
    <property name="java.vm.specification.vendor" value="Oracle Corporation"/>
    <property name="user.variant" value=""/>
    <property name="os.name" value="Windows 10"/>
    <property name="classworlds.conf" value="C:\Program Files\Maven\apache-maven-3.3.9\bin\m2.conf"/>
    <property name="sun.jnu.encoding" value="Cp1252"/>
    <property name="java.library.path" value="C:\Program Files\Java\jdk1.8.0_92\bin;C:\WINDOWS\Sun\Java\bin;C:\WINDOWS\system32;C:\WINDOWS;C:\ProgramData\Oracle\Java\javapath;D:\Meteor Project\GraphicsMagick-1.3.23-Q16\;C:\oraclexe\app\oracle\product\11.2.0\server\bin;E:\oracle\product\10.2.0\db_1\bin;C:\Program Files\Java\jdk1.8.0_60\bin;C:\Program Files (x86)\AMD\ATI.ACE\Core-Static;C:\Program Files (x86)\Windows Live\Shared;C:\WINDOWS\system32;C:\WINDOWS;C:\WINDOWS\System32\Wbem;C:\WINDOWS\System32\WindowsPowerShell\v1.0\;C:\Program Files\Microsoft SQL Server\110\Tools\Binn\;C:\Program Files (x86)\Windows Kits\8.1\Windows Performance Toolkit\;C:\Program Files (x86)\Microsoft SDKs\TypeScript\1.0\;C:\Program Files\Microsoft SQL Server\120\Tools\Binn\;C:\Users\Yunaz Gilang\AppData\Local\.meteor;C:\Program Files (x86)\Skype\Phone\;C:\Program Files (x86)\ATI Technologies\ATI.ACE\Core-Static;C:\Program Files\Process Lasso;D:\MATLAB\runtime\win64;D:\MATLAB\bin;D:\MATLAB\polyspace\bin;C:\WINDOWS\system32;C:\WINDOWS;C:\WINDOWS\System32\Wbem;C:\WINDOWS\System32\WindowsPowerShell\v1.0\;C:\xampp\php;C:\ProgramData\ComposerSetup\bin;C:\Program Files\nodejs\;C:\Program Files\Git\cmd;C:\Program Files\Git\bin;C:\Program Files\Maven\apache-maven-3.3.9\bin;C:\Users\Yunaz Gilang\AppData\Local\.meteor;C:\Users\Yunaz Gilang\AppData\Local\Microsoft\WindowsApps;C:\Users\Yunaz Gilang\AppData\Roaming\Composer\vendor\bin;C:\Users\Yunaz Gilang\AppData\Roaming\npm;."/>
    <property name="java.specification.name" value="Java Platform API Specification"/>
    <property name="java.class.version" value="52.0"/>
    <property name="sun.management.compiler" value="HotSpot 64-Bit Tiered Compilers"/>
    <property name="os.version" value="10.0"/>
    <property name="user.home" value="C:\Users\Yunaz Gilang"/>
    <property name="user.timezone" value="Asia/Bangkok"/>
    <property name="java.awt.printerjob" value="sun.awt.windows.WPrinterJob"/>
    <property name="java.specification.version" value="1.8"/>
    <property name="idea.launcher.bin.path" value="C:\Program Files (x86)\JetBrains\IntelliJ IDEA Community Edition 2016.3.2\bin"/>
    <property name="file.encoding" value="UTF-8"/>
    <property name="user.name" value="Yunaz"/>
    <property name="java.class.path" value="C:\Program Files\Maven\apache-maven-3.3.9\boot\plexus-classworlds-2.5.2.jar;C:\Program Files (x86)\JetBrains\IntelliJ IDEA Community Edition 2016.3.2\lib\idea_rt.jar"/>
    <property name="java.vm.specification.version" value="1.8"/>
    <property name="sun.arch.data.model" value="64"/>
    <property name="java.home" value="C:\Program Files\Java\jdk1.8.0_92\jre"/>
    <property name="sun.java.command" value="com.intellij.rt.execution.application.AppMain org.codehaus.classworlds.Launcher -Didea.version=2016.3.2 -s C:\Program Files\Maven\apache-maven-3.3.9\conf\settings.xml verify"/>
    <property name="java.specification.vendor" value="Oracle Corporation"/>
    <property name="user.language" value="en"/>
    <property name="awt.toolkit" value="sun.awt.windows.WToolkit"/>
    <property name="java.vm.info" value="mixed mode"/>
    <property name="java.version" value="1.8.0_92"/>
    <property name="java.ext.dirs" value="C:\Program Files\Java\jdk1.8.0_92\jre\lib\ext;C:\WINDOWS\Sun\Java\lib\ext"/>
    <property name="sun.boot.class.path" value="C:\Program Files\Java\jdk1.8.0_92\jre\lib\resources.jar;C:\Program Files\Java\jdk1.8.0_92\jre\lib\rt.jar;C:\Program Files\Java\jdk1.8.0_92\jre\lib\sunrsasign.jar;C:\Program Files\Java\jdk1.8.0_92\jre\lib\jsse.jar;C:\Program Files\Java\jdk1.8.0_92\jre\lib\jce.jar;C:\Program Files\Java\jdk1.8.0_92\jre\lib\charsets.jar;C:\Program Files\Java\jdk1.8.0_92\jre\lib\jfr.jar;C:\Program Files\Java\jdk1.8.0_92\jre\classes"/>
    <property name="java.vendor" value="Oracle Corporation"/>
    <property name="maven.home" value="C:\Program Files\Maven\apache-maven-3.3.9"/>
    <property name="file.separator" value="\"/>
    <property name="java.vendor.url.bug" value="http://bugreport.sun.com/bugreport/"/>
    <property name="sun.cpu.endian" value="little"/>
    <property name="sun.io.unicode.encoding" value="UnicodeLittle"/>
    <property name="sun.desktop" value="windows"/>
    <property name="sun.cpu.isalist" value="amd64"/>
  </properties>
  <testcase name="BeforeStories" classname="java.lang.Object" time="0.044"/>
  <testcase name="Given the user is on the Wikionary home page" classname="com.blibli.Jbehave.steps.DefinitionSteps" time="38.118"/>
  <testcase name="When the user looks up the definition of the word &apos;apple&apos;" classname="com.blibli.Jbehave.steps.DefinitionSteps" time="17.622"/>
  <testcase name="Then they should see the definition &apos;A common, round fruit produced by the tree Malus domestica, cultivated in temperate climates.&apos;" classname="com.blibli.Jbehave.steps.DefinitionSteps" time="6.166"/>
  <testcase name="Scenario: Looking up the definition of &apos;apple&apos;" classname="Scenario: Looking up the definition of &apos;apple&apos;" time="7.096"/>
  <testcase name="Given the user is on the Wikionary home pageâ€‹" classname="com.blibli.Jbehave.steps.DefinitionSteps" time="8.534"/>
  <testcase name="When the user looks up the definition of the word &apos;pear&apos;" classname="com.blibli.Jbehave.steps.DefinitionSteps" time="7.241"/>
  <testcase name="Then they should see the definition &apos;An edible fruit produced by the pear tree, similar to an apple but elongated towards the stem.&apos;" classname="com.blibli.Jbehave.steps.DefinitionSteps" time="0.897"/>
  <testcase name="Scenario: Looking up the definition of &apos;pear&apos;" classname="Scenario: Looking up the definition of &apos;pear&apos;" time="1.128"/>
  <testcase name="LookupADefinition.story" classname="LookupADefinition.story" time="1.164"/>
  <testcase name="AfterStories" classname="java.lang.Object" time="0.007"/>
</testsuite>